[0m02:19:45.167233 [debug] [MainThread]: Sending event: {'category': 'dbt', 'action': 'invocation', 'label': 'start', 'context': [<snowplow_tracker.self_describing_json.SelfDescribingJson object at 0x000002268F6441D0>, <snowplow_tracker.self_describing_json.SelfDescribingJson object at 0x000002268D2C21E0>, <snowplow_tracker.self_describing_json.SelfDescribingJson object at 0x000002268C90F1A0>]}


============================== 02:19:45.489047 | 18160779-876d-45c1-8e80-e315c6e89706 ==============================
[0m02:19:45.489047 [info ] [MainThread]: Running with dbt=1.11.6
[0m02:19:45.489047 [debug] [MainThread]: running dbt with arguments {'version_check': 'True', 'no_print': 'None', 'static_parser': 'True', 'target_path': 'None', 'warn_error_options': 'WarnErrorOptionsV2(error=[], warn=[], silence=[])', 'printer_width': '80', 'write_json': 'True', 'introspect': 'True', 'log_cache_events': 'False', 'empty': 'None', 'cache_selected_only': 'False', 'log_format': 'default', 'debug': 'False', 'fail_fast': 'False', 'partial_parse': 'True', 'send_anonymous_usage_stats': 'True', 'quiet': 'False', 'warn_error': 'None', 'profiles_dir': 'C:\\Users\\niles\\.dbt', 'indirect_selection': 'eager', 'use_colors': 'True', 'invocation_command': 'dbt init', 'use_experimental_parser': 'False', 'log_path': 'logs'}
[0m02:19:46.024950 [info ] [MainThread]: Creating dbt configuration folder at C:\Users\niles\.dbt
[0m02:20:08.293587 [debug] [MainThread]: Starter project path: D:\DEP_1\DBT_SNOWFLAKE\.venv\Lib\site-packages\dbt\include\starter_project
[0m02:20:08.421854 [info ] [MainThread]: 
Your new dbt project "dbt_snowflake_project" was created!

For more information on how to configure the profiles.yml file,
please consult the dbt documentation here:

  https://docs.getdbt.com/docs/configure-your-profile

One more thing:

Need help? Don't hesitate to reach out to us via GitHub issues or on Slack:

  https://community.getdbt.com/

Happy modeling!

[0m02:20:08.421854 [info ] [MainThread]: Setting up your profile.
[0m02:20:34.856574 [debug] [MainThread]: Snowflake adapter: Setting snowflake.connector to ERROR (file logging only)
[0m02:20:34.856574 [debug] [MainThread]: Snowflake adapter: Setting botocore to ERROR (file logging only)
[0m02:20:34.861030 [debug] [MainThread]: Snowflake adapter: Setting boto3 to ERROR (file logging only)
[0m02:33:27.477661 [info ] [MainThread]: Profile dbt_snowflake_project written to C:\Users\niles\.dbt\profiles.yml using target's profile_template.yml and your supplied values. Run 'dbt debug' to validate the connection.
[0m02:33:27.487378 [debug] [MainThread]: Command `dbt init` succeeded at 02:33:27.485368 after 822.49 seconds
[0m02:33:27.487378 [debug] [MainThread]: Sending event: {'category': 'dbt', 'action': 'invocation', 'label': 'end', 'context': [<snowplow_tracker.self_describing_json.SelfDescribingJson object at 0x000002268C9D8110>, <snowplow_tracker.self_describing_json.SelfDescribingJson object at 0x0000022691324FB0>, <snowplow_tracker.self_describing_json.SelfDescribingJson object at 0x000002268FA3C380>]}
[0m02:33:27.487378 [debug] [MainThread]: Flushing usage events
[0m02:33:29.348217 [debug] [MainThread]: An error was encountered while trying to flush usage events
[0m03:29:39.954999 [debug] [MainThread]: Sending event: {'category': 'dbt', 'action': 'invocation', 'label': 'start', 'context': [<snowplow_tracker.self_describing_json.SelfDescribingJson object at 0x000002AC34999400>, <snowplow_tracker.self_describing_json.SelfDescribingJson object at 0x000002AC360BDB80>, <snowplow_tracker.self_describing_json.SelfDescribingJson object at 0x000002AC36F4BBF0>]}


============================== 03:29:39.954999 | 0e4d6503-5609-4992-a41c-61e076c2ff60 ==============================
[0m03:29:39.954999 [info ] [MainThread]: Running with dbt=1.11.6
[0m03:29:39.954999 [debug] [MainThread]: running dbt with arguments {'static_parser': 'True', 'no_print': 'None', 'version_check': 'True', 'target_path': 'None', 'warn_error_options': 'WarnErrorOptionsV2(error=[], warn=[], silence=[])', 'printer_width': '80', 'write_json': 'True', 'introspect': 'True', 'log_cache_events': 'False', 'empty': 'None', 'cache_selected_only': 'False', 'fail_fast': 'False', 'debug': 'False', 'log_format': 'default', 'profiles_dir': 'C:\\Users\\niles\\.dbt', 'send_anonymous_usage_stats': 'True', 'quiet': 'False', 'warn_error': 'None', 'partial_parse': 'True', 'invocation_command': 'dbt debug', 'indirect_selection': 'eager', 'use_colors': 'True', 'use_experimental_parser': 'False', 'log_path': 'logs'}
[0m03:29:40.024507 [info ] [MainThread]: dbt version: 1.11.6
[0m03:29:40.025508 [info ] [MainThread]: python version: 3.12.1
[0m03:29:40.026537 [info ] [MainThread]: python path: D:\DEP_1\DBT_SNOWFLAKE\.venv\Scripts\python.exe
[0m03:29:40.026537 [info ] [MainThread]: os info: Windows-11-10.0.26100-SP0
[0m03:29:43.609508 [debug] [MainThread]: Snowflake adapter: Setting snowflake.connector to ERROR (file logging only)
[0m03:29:43.609508 [debug] [MainThread]: Snowflake adapter: Setting botocore to ERROR (file logging only)
[0m03:29:43.614824 [debug] [MainThread]: Snowflake adapter: Setting boto3 to ERROR (file logging only)
[0m03:29:43.670725 [info ] [MainThread]: Using profiles dir at C:\Users\niles\.dbt
[0m03:29:43.670725 [info ] [MainThread]: Using profiles.yml file at C:\Users\niles\.dbt\profiles.yml
[0m03:29:43.670725 [info ] [MainThread]: Using dbt_project.yml file at D:\DEP_1\DBT_SNOWFLAKE\dbt_project.yml
[0m03:29:43.686557 [info ] [MainThread]: adapter type: snowflake
[0m03:29:43.686557 [info ] [MainThread]: adapter version: 1.11.2
[0m03:29:43.698174 [info ] [MainThread]: Configuration:
[0m03:29:43.699568 [info ] [MainThread]:   profiles.yml file [[32mOK found and valid[0m]
[0m03:29:43.700644 [info ] [MainThread]:   dbt_project.yml file [[31mERROR not found[0m]
[0m03:29:43.701642 [info ] [MainThread]: Required dependencies:
[0m03:29:43.702835 [debug] [MainThread]: Executing "git --help"
[0m03:29:43.744620 [debug] [MainThread]: STDOUT: "b"usage: git [-v | --version] [-h | --help] [-C <path>] [-c <name>=<value>]\n           [--exec-path[=<path>]] [--html-path] [--man-path] [--info-path]\n           [-p | --paginate | -P | --no-pager] [--no-replace-objects] [--no-lazy-fetch]\n           [--no-optional-locks] [--no-advice] [--bare] [--git-dir=<path>]\n           [--work-tree=<path>] [--namespace=<name>] [--config-env=<name>=<envvar>]\n           <command> [<args>]\n\nThese are common Git commands used in various situations:\n\nstart a working area (see also: git help tutorial)\n   clone      Clone a repository into a new directory\n   init       Create an empty Git repository or reinitialize an existing one\n\nwork on the current change (see also: git help everyday)\n   add        Add file contents to the index\n   mv         Move or rename a file, a directory, or a symlink\n   restore    Restore working tree files\n   rm         Remove files from the working tree and from the index\n\nexamine the history and state (see also: git help revisions)\n   bisect     Use binary search to find the commit that introduced a bug\n   diff       Show changes between commits, commit and working tree, etc\n   grep       Print lines matching a pattern\n   log        Show commit logs\n   show       Show various types of objects\n   status     Show the working tree status\n\ngrow, mark and tweak your common history\n   backfill   Download missing objects in a partial clone\n   branch     List, create, or delete branches\n   commit     Record changes to the repository\n   merge      Join two or more development histories together\n   rebase     Reapply commits on top of another base tip\n   reset      Reset current HEAD to the specified state\n   switch     Switch branches\n   tag        Create, list, delete or verify a tag object signed with GPG\n\ncollaborate (see also: git help workflows)\n   fetch      Download objects and refs from another repository\n   pull       Fetch from and integrate with another repository or a local branch\n   push       Update remote refs along with associated objects\n\n'git help -a' and 'git help -g' list available subcommands and some\nconcept guides. See 'git help <command>' or 'git help <concept>'\nto read about a specific subcommand or concept.\nSee 'git help git' for an overview of the system.\n""
[0m03:29:43.744620 [debug] [MainThread]: STDERR: "b''"
[0m03:29:43.744620 [info ] [MainThread]:  - git [[32mOK found[0m]

[0m03:29:43.751080 [info ] [MainThread]: Connection:
[0m03:29:43.751080 [info ] [MainThread]:   account: YRXSGFG-KI45728
[0m03:29:43.751080 [info ] [MainThread]:   user: NILESHTRIPATHI
[0m03:29:43.751080 [info ] [MainThread]:   database: AIRBNB
[0m03:29:43.751080 [info ] [MainThread]:   warehouse: COMPUTE_WH
[0m03:29:43.751080 [info ] [MainThread]:   role: ACCOUNTADMIN
[0m03:29:43.751080 [info ] [MainThread]:   schema: dbt_schema
[0m03:29:43.751080 [info ] [MainThread]:   authenticator: None
[0m03:29:43.751080 [info ] [MainThread]:   oauth_client_id: None
[0m03:29:43.751080 [info ] [MainThread]:   query_tag: None
[0m03:29:43.759823 [info ] [MainThread]:   client_session_keep_alive: False
[0m03:29:43.759823 [info ] [MainThread]:   host: None
[0m03:29:43.760835 [info ] [MainThread]:   port: None
[0m03:29:43.762292 [info ] [MainThread]:   proxy_host: None
[0m03:29:43.762292 [info ] [MainThread]:   proxy_port: None
[0m03:29:43.762292 [info ] [MainThread]:   protocol: None
[0m03:29:43.762292 [info ] [MainThread]:   connect_retries: 1
[0m03:29:43.762292 [info ] [MainThread]:   connect_timeout: None
[0m03:29:43.762292 [info ] [MainThread]:   retry_on_database_errors: False
[0m03:29:43.762292 [info ] [MainThread]:   retry_all: False
[0m03:29:43.762292 [info ] [MainThread]:   insecure_mode: False
[0m03:29:43.762292 [info ] [MainThread]:   reuse_connections: True
[0m03:29:43.762292 [info ] [MainThread]:   s3_stage_vpce_dns_name: None
[0m03:29:43.762292 [info ] [MainThread]:   platform_detection_timeout_seconds: 0.0
[0m03:29:43.762292 [info ] [MainThread]: Registered adapter: snowflake=1.11.2
[0m03:29:44.688789 [debug] [MainThread]: Acquiring new snowflake connection 'debug'
[0m03:30:09.758052 [debug] [MainThread]: Using snowflake connection "debug"
[0m03:30:09.758052 [debug] [MainThread]: On debug: select 1 as id
[0m03:30:09.758052 [debug] [MainThread]: Opening a new connection, currently in state init
[0m03:30:18.978054 [debug] [MainThread]: Snowflake adapter: Error running SQL: select 1 as id
[0m03:30:18.978054 [debug] [MainThread]: Snowflake adapter: Rolling back transaction.
[0m03:30:18.978054 [info ] [MainThread]:   Connection test: [[31mERROR[0m]

[0m03:30:18.980063 [info ] [MainThread]: [31m2 checks failed:[0m
[0m03:30:18.980063 [info ] [MainThread]: Project loading failed for the following reason:
 project path <D:\DEP_1\DBT_SNOWFLAKE\dbt_project.yml> not found

[0m03:30:18.980063 [info ] [MainThread]: dbt was unable to connect to the specified database.
The database returned the following error:

  >Database Error
  250001 (08001): Failed to connect to DB: YRXSGFG-KI45728.snowflakecomputing.com:443. Incorrect username or password was specified.

Check your database credentials and try again. For more information, visit:
https://docs.getdbt.com/docs/configure-your-profile


[0m03:30:18.980063 [debug] [MainThread]: Command `dbt debug` failed at 03:30:18.980063 after 41.00 seconds
[0m03:30:18.980063 [debug] [MainThread]: Connection 'debug' was left open.
[0m03:30:18.980063 [debug] [MainThread]: On debug: No close available on handle
[0m03:30:18.980063 [debug] [MainThread]: Sending event: {'category': 'dbt', 'action': 'invocation', 'label': 'end', 'context': [<snowplow_tracker.self_describing_json.SelfDescribingJson object at 0x000002AC37276C60>, <snowplow_tracker.self_describing_json.SelfDescribingJson object at 0x000002AC345728A0>, <snowplow_tracker.self_describing_json.SelfDescribingJson object at 0x000002AC34571130>]}
[0m03:30:18.980063 [debug] [MainThread]: Flushing usage events
[0m03:30:20.611352 [debug] [MainThread]: An error was encountered while trying to flush usage events
[0m03:32:16.416058 [debug] [MainThread]: Sending event: {'category': 'dbt', 'action': 'invocation', 'label': 'start', 'context': [<snowplow_tracker.self_describing_json.SelfDescribingJson object at 0x0000022937CE0BC0>, <snowplow_tracker.self_describing_json.SelfDescribingJson object at 0x0000022937EC7A40>, <snowplow_tracker.self_describing_json.SelfDescribingJson object at 0x0000022937EC77A0>]}


============================== 03:32:16.416058 | a8a0c8dc-753b-48a4-9761-3d90394bf8bc ==============================
[0m03:32:16.416058 [info ] [MainThread]: Running with dbt=1.11.6
[0m03:32:16.416058 [debug] [MainThread]: running dbt with arguments {'static_parser': 'True', 'no_print': 'None', 'version_check': 'True', 'warn_error_options': 'WarnErrorOptionsV2(error=[], warn=[], silence=[])', 'target_path': 'None', 'printer_width': '80', 'write_json': 'True', 'empty': 'False', 'log_cache_events': 'False', 'introspect': 'True', 'cache_selected_only': 'False', 'log_format': 'default', 'debug': 'False', 'fail_fast': 'False', 'profiles_dir': 'C:\\Users\\niles\\.dbt', 'send_anonymous_usage_stats': 'True', 'quiet': 'False', 'warn_error': 'None', 'partial_parse': 'True', 'indirect_selection': 'eager', 'use_colors': 'True', 'invocation_command': 'dbt run', 'use_experimental_parser': 'False', 'log_path': 'logs'}
[0m03:32:16.416058 [error] [MainThread]: Encountered an error:
Runtime Error
  No dbt_project.yml found at expected path D:\DEP_1\DBT_SNOWFLAKE\dbt_project.yml
  Verify that each entry within packages.yml (and their transitive dependencies) contains a file named dbt_project.yml
  
[0m03:32:16.416058 [debug] [MainThread]: Command `dbt run` failed at 03:32:16.416058 after 0.17 seconds
[0m03:32:16.416058 [debug] [MainThread]: Sending event: {'category': 'dbt', 'action': 'invocation', 'label': 'end', 'context': [<snowplow_tracker.self_describing_json.SelfDescribingJson object at 0x0000022937CE0BC0>, <snowplow_tracker.self_describing_json.SelfDescribingJson object at 0x0000022937EC77A0>, <snowplow_tracker.self_describing_json.SelfDescribingJson object at 0x0000022937EC78C0>]}
[0m03:32:16.416058 [debug] [MainThread]: Flushing usage events
[0m03:32:17.783687 [debug] [MainThread]: An error was encountered while trying to flush usage events
[0m02:42:04.689868 [debug] [MainThread]: Sending event: {'category': 'dbt', 'action': 'invocation', 'label': 'start', 'context': [<snowplow_tracker.self_describing_json.SelfDescribingJson object at 0x0000021C5E6241D0>, <snowplow_tracker.self_describing_json.SelfDescribingJson object at 0x0000021C625FDAF0>, <snowplow_tracker.self_describing_json.SelfDescribingJson object at 0x0000021C625FC230>]}


============================== 02:42:04.842350 | c4862ae2-7137-4687-9b1d-1423e2fa6a0d ==============================
[0m02:42:04.842350 [info ] [MainThread]: Running with dbt=1.11.6
[0m02:42:04.842350 [debug] [MainThread]: running dbt with arguments {'static_parser': 'True', 'no_print': 'None', 'version_check': 'True', 'warn_error_options': 'WarnErrorOptionsV2(error=[], warn=[], silence=[])', 'target_path': 'None', 'printer_width': '80', 'write_json': 'True', 'introspect': 'True', 'log_cache_events': 'False', 'empty': 'False', 'cache_selected_only': 'False', 'log_format': 'default', 'debug': 'False', 'fail_fast': 'False', 'partial_parse': 'True', 'send_anonymous_usage_stats': 'True', 'quiet': 'False', 'warn_error': 'None', 'profiles_dir': 'C:\\Users\\niles\\.dbt', 'indirect_selection': 'eager', 'invocation_command': 'dbt compile', 'use_colors': 'True', 'use_experimental_parser': 'False', 'log_path': 'logs'}
[0m02:42:04.844357 [error] [MainThread]: Encountered an error:
Runtime Error
  No dbt_project.yml found at expected path D:\DEP_1\DBT_SNOWFLAKE\dbt_project.yml
  Verify that each entry within packages.yml (and their transitive dependencies) contains a file named dbt_project.yml
  
[0m02:42:04.844357 [debug] [MainThread]: Command `dbt compile` failed at 02:42:04.844357 after 0.29 seconds
[0m02:42:04.844357 [debug] [MainThread]: Sending event: {'category': 'dbt', 'action': 'invocation', 'label': 'end', 'context': [<snowplow_tracker.self_describing_json.SelfDescribingJson object at 0x0000021C61C66D50>, <snowplow_tracker.self_describing_json.SelfDescribingJson object at 0x0000021C62A766F0>, <snowplow_tracker.self_describing_json.SelfDescribingJson object at 0x0000021C623211F0>]}
[0m02:42:04.844357 [debug] [MainThread]: Flushing usage events
[0m02:42:06.211394 [debug] [MainThread]: An error was encountered while trying to flush usage events
[0m18:03:05.902767 [debug] [MainThread]: Sending event: {'category': 'dbt', 'action': 'invocation', 'label': 'start', 'context': [<snowplow_tracker.self_describing_json.SelfDescribingJson object at 0x0000022AABB45250>, <snowplow_tracker.self_describing_json.SelfDescribingJson object at 0x0000022AAB7D3920>, <snowplow_tracker.self_describing_json.SelfDescribingJson object at 0x0000022AABB47B60>]}


============================== 18:03:05.935069 | 30318004-9f03-4022-80c8-7470a7a17917 ==============================
[0m18:03:05.935069 [info ] [MainThread]: Running with dbt=1.11.6
[0m18:03:05.937006 [debug] [MainThread]: running dbt with arguments {'static_parser': 'True', 'no_print': 'None', 'version_check': 'True', 'warn_error_options': 'WarnErrorOptionsV2(error=[], warn=[], silence=[])', 'target_path': 'None', 'printer_width': '80', 'write_json': 'True', 'introspect': 'True', 'log_cache_events': 'False', 'empty': 'False', 'cache_selected_only': 'False', 'log_format': 'default', 'debug': 'False', 'fail_fast': 'False', 'partial_parse': 'True', 'send_anonymous_usage_stats': 'True', 'quiet': 'False', 'warn_error': 'None', 'profiles_dir': 'C:\\Users\\niles\\.dbt', 'invocation_command': 'dbt compile', 'use_colors': 'True', 'indirect_selection': 'eager', 'use_experimental_parser': 'False', 'log_path': 'logs'}
[0m18:03:05.937006 [error] [MainThread]: Encountered an error:
Runtime Error
  No dbt_project.yml found at expected path D:\DEP_1\DBT_SNOWFLAKE\dbt_project.yml
  Verify that each entry within packages.yml (and their transitive dependencies) contains a file named dbt_project.yml
  
[0m18:03:05.937006 [debug] [MainThread]: Command `dbt compile` failed at 18:03:05.937006 after 0.21 seconds
[0m18:03:05.942539 [debug] [MainThread]: Sending event: {'category': 'dbt', 'action': 'invocation', 'label': 'end', 'context': [<snowplow_tracker.self_describing_json.SelfDescribingJson object at 0x0000022AABB45250>, <snowplow_tracker.self_describing_json.SelfDescribingJson object at 0x0000022AABB47920>, <snowplow_tracker.self_describing_json.SelfDescribingJson object at 0x0000022AABB47890>]}
[0m18:03:05.942539 [debug] [MainThread]: Flushing usage events
[0m18:03:07.168256 [debug] [MainThread]: An error was encountered while trying to flush usage events
[0m14:48:07.568991 [debug] [MainThread]: Sending event: {'category': 'dbt', 'action': 'invocation', 'label': 'start', 'context': [<snowplow_tracker.self_describing_json.SelfDescribingJson object at 0x00000217A390FB90>, <snowplow_tracker.self_describing_json.SelfDescribingJson object at 0x00000217A3821F70>, <snowplow_tracker.self_describing_json.SelfDescribingJson object at 0x00000217A390E330>]}


============================== 14:48:07.823867 | 966529a0-c813-44b4-b692-6e4caffcd203 ==============================
[0m14:48:07.823867 [info ] [MainThread]: Running with dbt=1.11.6
[0m14:48:07.823867 [debug] [MainThread]: running dbt with arguments {'static_parser': 'True', 'no_print': 'None', 'version_check': 'True', 'warn_error_options': 'WarnErrorOptionsV2(error=[], warn=[], silence=[])', 'target_path': 'None', 'printer_width': '80', 'write_json': 'True', 'empty': 'False', 'log_cache_events': 'False', 'introspect': 'True', 'cache_selected_only': 'False', 'fail_fast': 'False', 'debug': 'False', 'log_format': 'default', 'partial_parse': 'True', 'send_anonymous_usage_stats': 'True', 'quiet': 'False', 'warn_error': 'None', 'profiles_dir': 'C:\\Users\\niles\\.dbt', 'indirect_selection': 'eager', 'use_colors': 'True', 'invocation_command': 'dbt compile', 'use_experimental_parser': 'False', 'log_path': 'logs'}
[0m14:48:07.899979 [error] [MainThread]: Encountered an error:
Runtime Error
  No dbt_project.yml found at expected path D:\DEP_1\DBT_SNOWFLAKE\dbt_project.yml
  Verify that each entry within packages.yml (and their transitive dependencies) contains a file named dbt_project.yml
  
[0m14:48:07.901994 [debug] [MainThread]: Command `dbt compile` failed at 14:48:07.901994 after 0.82 seconds
[0m14:48:07.908090 [debug] [MainThread]: Sending event: {'category': 'dbt', 'action': 'invocation', 'label': 'end', 'context': [<snowplow_tracker.self_describing_json.SelfDescribingJson object at 0x00000217A3CC1F70>, <snowplow_tracker.self_describing_json.SelfDescribingJson object at 0x00000217A3821F70>, <snowplow_tracker.self_describing_json.SelfDescribingJson object at 0x00000217A3208C80>]}
[0m14:48:07.908090 [debug] [MainThread]: Flushing usage events
[0m14:48:09.422537 [debug] [MainThread]: An error was encountered while trying to flush usage events
[0m13:08:43.098401 [debug] [MainThread]: Sending event: {'category': 'dbt', 'action': 'invocation', 'label': 'start', 'context': [<snowplow_tracker.self_describing_json.SelfDescribingJson object at 0x000001BA8929FBC0>, <snowplow_tracker.self_describing_json.SelfDescribingJson object at 0x000001BA89579E80>, <snowplow_tracker.self_describing_json.SelfDescribingJson object at 0x000001BA8929FE60>]}


============================== 13:08:43.130143 | 414a1d09-fd91-4b7d-bf7c-c850cc9e730b ==============================
[0m13:08:43.130143 [info ] [MainThread]: Running with dbt=1.11.6
[0m13:08:43.130143 [debug] [MainThread]: running dbt with arguments {'version_check': 'True', 'no_print': 'None', 'static_parser': 'True', 'target_path': 'None', 'warn_error_options': 'WarnErrorOptionsV2(error=[], warn=[], silence=[])', 'printer_width': '80', 'write_json': 'True', 'empty': 'False', 'log_cache_events': 'False', 'introspect': 'True', 'cache_selected_only': 'False', 'log_format': 'default', 'debug': 'False', 'fail_fast': 'False', 'profiles_dir': 'C:\\Users\\niles\\.dbt', 'send_anonymous_usage_stats': 'True', 'quiet': 'False', 'warn_error': 'None', 'partial_parse': 'True', 'invocation_command': 'dbt build', 'use_colors': 'True', 'indirect_selection': 'eager', 'use_experimental_parser': 'False', 'log_path': 'logs'}
[0m13:08:43.133001 [error] [MainThread]: Encountered an error:
Runtime Error
  No dbt_project.yml found at expected path D:\DEP_1\DBT_SNOWFLAKE\dbt_project.yml
  Verify that each entry within packages.yml (and their transitive dependencies) contains a file named dbt_project.yml
  
[0m13:08:43.133001 [debug] [MainThread]: Command `dbt build` failed at 13:08:43.133001 after 0.22 seconds
[0m13:08:43.135010 [debug] [MainThread]: Sending event: {'category': 'dbt', 'action': 'invocation', 'label': 'end', 'context': [<snowplow_tracker.self_describing_json.SelfDescribingJson object at 0x000001BA89721280>, <snowplow_tracker.self_describing_json.SelfDescribingJson object at 0x000001BA89323EF0>, <snowplow_tracker.self_describing_json.SelfDescribingJson object at 0x000001BA88BFAED0>]}
[0m13:08:43.135010 [debug] [MainThread]: Flushing usage events
[0m13:08:44.722091 [debug] [MainThread]: An error was encountered while trying to flush usage events
[0m13:23:56.570595 [debug] [MainThread]: Sending event: {'category': 'dbt', 'action': 'invocation', 'label': 'start', 'context': [<snowplow_tracker.self_describing_json.SelfDescribingJson object at 0x000001D28B9731D0>, <snowplow_tracker.self_describing_json.SelfDescribingJson object at 0x000001D28F2E5220>, <snowplow_tracker.self_describing_json.SelfDescribingJson object at 0x000001D28F2E60C0>]}


============================== 13:23:56.570595 | 65c8bf8b-4a97-4856-9594-b917e351d83e ==============================
[0m13:23:56.570595 [info ] [MainThread]: Running with dbt=1.11.6
[0m13:23:56.570595 [debug] [MainThread]: running dbt with arguments {'static_parser': 'True', 'no_print': 'None', 'version_check': 'True', 'warn_error_options': 'WarnErrorOptionsV2(error=[], warn=[], silence=[])', 'target_path': 'None', 'printer_width': '80', 'write_json': 'True', 'empty': 'False', 'log_cache_events': 'False', 'introspect': 'True', 'cache_selected_only': 'False', 'log_format': 'default', 'debug': 'False', 'fail_fast': 'False', 'partial_parse': 'True', 'send_anonymous_usage_stats': 'True', 'quiet': 'False', 'warn_error': 'None', 'profiles_dir': 'C:\\Users\\niles\\.dbt', 'indirect_selection': 'eager', 'invocation_command': 'dbt run --select silver --full-refresh', 'use_colors': 'True', 'use_experimental_parser': 'False', 'log_path': 'logs'}
[0m13:23:56.586341 [error] [MainThread]: Encountered an error:
Runtime Error
  No dbt_project.yml found at expected path D:\DEP_1\DBT_SNOWFLAKE\dbt_project.yml
  Verify that each entry within packages.yml (and their transitive dependencies) contains a file named dbt_project.yml
  
[0m13:23:56.587535 [debug] [MainThread]: Command `dbt run` failed at 13:23:56.587535 after 0.17 seconds
[0m13:23:56.587535 [debug] [MainThread]: Sending event: {'category': 'dbt', 'action': 'invocation', 'label': 'end', 'context': [<snowplow_tracker.self_describing_json.SelfDescribingJson object at 0x000001D28B9731D0>, <snowplow_tracker.self_describing_json.SelfDescribingJson object at 0x000001D28F933A40>, <snowplow_tracker.self_describing_json.SelfDescribingJson object at 0x000001D28F69DD30>]}
[0m13:23:56.589285 [debug] [MainThread]: Flushing usage events
[0m13:23:58.127277 [debug] [MainThread]: An error was encountered while trying to flush usage events
[0m13:29:36.735784 [debug] [MainThread]: Sending event: {'category': 'dbt', 'action': 'invocation', 'label': 'start', 'context': [<snowplow_tracker.self_describing_json.SelfDescribingJson object at 0x000001336798D550>, <snowplow_tracker.self_describing_json.SelfDescribingJson object at 0x00000133670F78F0>, <snowplow_tracker.self_describing_json.SelfDescribingJson object at 0x000001336521C920>]}


============================== 13:29:36.741820 | 23c12234-0e26-4a21-8625-3dd15b1796fe ==============================
[0m13:29:36.741820 [info ] [MainThread]: Running with dbt=1.11.6
[0m13:29:36.741820 [debug] [MainThread]: running dbt with arguments {'version_check': 'True', 'no_print': 'None', 'static_parser': 'True', 'warn_error_options': 'WarnErrorOptionsV2(error=[], warn=[], silence=[])', 'target_path': 'None', 'printer_width': '80', 'write_json': 'True', 'empty': 'False', 'log_cache_events': 'False', 'introspect': 'True', 'cache_selected_only': 'False', 'fail_fast': 'False', 'debug': 'False', 'log_format': 'default', 'profiles_dir': 'C:\\Users\\niles\\.dbt', 'send_anonymous_usage_stats': 'True', 'quiet': 'False', 'warn_error': 'None', 'partial_parse': 'True', 'use_colors': 'True', 'indirect_selection': 'eager', 'invocation_command': 'dbt compile', 'use_experimental_parser': 'False', 'log_path': 'logs'}
[0m13:29:36.741820 [error] [MainThread]: Encountered an error:
Runtime Error
  No dbt_project.yml found at expected path D:\DEP_1\DBT_SNOWFLAKE\dbt_project.yml
  Verify that each entry within packages.yml (and their transitive dependencies) contains a file named dbt_project.yml
  
[0m13:29:36.741820 [debug] [MainThread]: Command `dbt compile` failed at 13:29:36.741820 after 0.17 seconds
[0m13:29:36.741820 [debug] [MainThread]: Sending event: {'category': 'dbt', 'action': 'invocation', 'label': 'end', 'context': [<snowplow_tracker.self_describing_json.SelfDescribingJson object at 0x0000013367348980>, <snowplow_tracker.self_describing_json.SelfDescribingJson object at 0x0000013363E5FDA0>, <snowplow_tracker.self_describing_json.SelfDescribingJson object at 0x00000133679B3EF0>]}
[0m13:29:36.741820 [debug] [MainThread]: Flushing usage events
[0m13:29:38.573304 [debug] [MainThread]: An error was encountered while trying to flush usage events
